<?xml version="1.0" encoding="UTF-8"?>
<testsuite xmlns:xsi="http://www.w3.org/2001/XMLSchema-instance" xsi:noNamespaceSchemaLocation="https://maven.apache.org/surefire/maven-surefire-plugin/xsd/surefire-test-report-3.0.xsd" version="3.0" name="no.hvl.dat110.unit.tests.TestRemote" time="0.012" tests="1" errors="0" skipped="0" failures="0">
  <properties>
    <property name="java.specification.version" value="20"/>
    <property name="sun.cpu.isalist" value="amd64"/>
    <property name="sun.jnu.encoding" value="Cp1252"/>
    <property name="java.class.path" value="C:\Users\hansi\source\repos\Oblig2 - dat154\DAT109-Oblig3\dat110-project3-dht-group1\target\test-classes;C:\Users\hansi\source\repos\Oblig2 - dat154\DAT109-Oblig3\dat110-project3-dht-group1\target\classes;C:\Users\hansi\.m2\repository\org\apache\logging\log4j\log4j-core\2.20.0\log4j-core-2.20.0.jar;C:\Users\hansi\.m2\repository\org\apache\logging\log4j\log4j-api\2.20.0\log4j-api-2.20.0.jar;C:\Users\hansi\.m2\repository\org\junit\jupiter\junit-jupiter-api\5.9.2\junit-jupiter-api-5.9.2.jar;C:\Users\hansi\.m2\repository\org\opentest4j\opentest4j\1.2.0\opentest4j-1.2.0.jar;C:\Users\hansi\.m2\repository\org\junit\platform\junit-platform-commons\1.9.2\junit-platform-commons-1.9.2.jar;C:\Users\hansi\.m2\repository\org\apiguardian\apiguardian-api\1.1.2\apiguardian-api-1.1.2.jar;"/>
    <property name="java.vm.vendor" value="Oracle Corporation"/>
    <property name="sun.arch.data.model" value="64"/>
    <property name="user.variant" value=""/>
    <property name="java.vendor.url" value="https://java.oracle.com/"/>
    <property name="user.timezone" value="Europe/Oslo"/>
    <property name="os.name" value="Windows 10"/>
    <property name="java.vm.specification.version" value="20"/>
    <property name="sun.java.launcher" value="SUN_STANDARD"/>
    <property name="user.country" value="NO"/>
    <property name="sun.boot.library.path" value="C:\Program Files\Java\jdk-20\bin"/>
    <property name="sun.java.command" value="C:\Users\hansi\AppData\Local\Temp\surefire7490380253106644100\surefirebooter-20250414020921050_3.jar C:\Users\hansi\AppData\Local\Temp\surefire7490380253106644100 2025-04-14T02-09-20_771-jvmRun1 surefire-20250414020921050_1tmp surefire_0-20250414020921050_2tmp"/>
    <property name="jdk.debug" value="release"/>
    <property name="surefire.test.class.path" value="C:\Users\hansi\source\repos\Oblig2 - dat154\DAT109-Oblig3\dat110-project3-dht-group1\target\test-classes;C:\Users\hansi\source\repos\Oblig2 - dat154\DAT109-Oblig3\dat110-project3-dht-group1\target\classes;C:\Users\hansi\.m2\repository\org\apache\logging\log4j\log4j-core\2.20.0\log4j-core-2.20.0.jar;C:\Users\hansi\.m2\repository\org\apache\logging\log4j\log4j-api\2.20.0\log4j-api-2.20.0.jar;C:\Users\hansi\.m2\repository\org\junit\jupiter\junit-jupiter-api\5.9.2\junit-jupiter-api-5.9.2.jar;C:\Users\hansi\.m2\repository\org\opentest4j\opentest4j\1.2.0\opentest4j-1.2.0.jar;C:\Users\hansi\.m2\repository\org\junit\platform\junit-platform-commons\1.9.2\junit-platform-commons-1.9.2.jar;C:\Users\hansi\.m2\repository\org\apiguardian\apiguardian-api\1.1.2\apiguardian-api-1.1.2.jar;"/>
    <property name="sun.cpu.endian" value="little"/>
    <property name="user.home" value="C:\Users\hansi"/>
    <property name="user.language" value="no"/>
    <property name="java.specification.vendor" value="Oracle Corporation"/>
    <property name="java.version.date" value="2023-07-18"/>
    <property name="java.home" value="C:\Program Files\Java\jdk-20"/>
    <property name="file.separator" value="\"/>
    <property name="basedir" value="C:\Users\hansi\source\repos\Oblig2 - dat154\DAT109-Oblig3\dat110-project3-dht-group1"/>
    <property name="java.vm.compressedOopsMode" value="Zero based"/>
    <property name="line.separator" value="&#10;"/>
    <property name="java.vm.specification.vendor" value="Oracle Corporation"/>
    <property name="java.specification.name" value="Java Platform API Specification"/>
    <property name="surefire.real.class.path" value="C:\Users\hansi\AppData\Local\Temp\surefire7490380253106644100\surefirebooter-20250414020921050_3.jar"/>
    <property name="user.script" value=""/>
    <property name="sun.management.compiler" value="HotSpot 64-Bit Tiered Compilers"/>
    <property name="java.runtime.version" value="20.0.2+9-78"/>
    <property name="user.name" value="hansi"/>
    <property name="stdout.encoding" value="Cp1252"/>
    <property name="path.separator" value=";"/>
    <property name="os.version" value="10.0"/>
    <property name="java.runtime.name" value="Java(TM) SE Runtime Environment"/>
    <property name="file.encoding" value="UTF-8"/>
    <property name="java.vm.name" value="Java HotSpot(TM) 64-Bit Server VM"/>
    <property name="localRepository" value="C:\Users\hansi\.m2\repository"/>
    <property name="java.vendor.url.bug" value="https://bugreport.java.com/bugreport/"/>
    <property name="java.io.tmpdir" value="C:\Users\hansi\AppData\Local\Temp\"/>
    <property name="java.version" value="20.0.2"/>
    <property name="user.dir" value="C:\Users\hansi\source\repos\Oblig2 - dat154\DAT109-Oblig3\dat110-project3-dht-group1"/>
    <property name="os.arch" value="amd64"/>
    <property name="java.vm.specification.name" value="Java Virtual Machine Specification"/>
    <property name="sun.os.patch.level" value=""/>
    <property name="native.encoding" value="Cp1252"/>
    <property name="java.library.path" value="C:\Program Files\Java\jdk-20\bin;C:\windows\Sun\Java\bin;C:\windows\system32;C:\windows;C:\Program Files\Microsoft Visual Studio\2022\Community\VC\Tools\MSVC\14.42.34433\bin\HostX86\x86;C:\Program Files\Microsoft Visual Studio\2022\Community\Common7\IDE\VC\VCPackages;C:\Program Files\Microsoft Visual Studio\2022\Community\Common7\IDE\CommonExtensions\Microsoft\TestWindow;C:\Program Files\Microsoft Visual Studio\2022\Community\Common7\IDE\CommonExtensions\Microsoft\TeamFoundation\Team Explorer;C:\Program Files\Microsoft Visual Studio\2022\Community\MSBuild\Current\bin\Roslyn;C:\Program Files (x86)\Microsoft SDKs\Windows\v10.0A\bin\NETFX 4.8 Tools\;C:\Program Files\Microsoft Visual Studio\2022\Community\Common7\IDE\CommonExtensions\Microsoft\FSharp\Tools;C:\Program Files\Microsoft Visual Studio\2022\Community\Team Tools\DiagnosticsHub\Collector;C:\Program Files (x86)\Windows Kits\10\bin\10.0.22621.0\\x86;C:\Program Files (x86)\Windows Kits\10\bin\\x86;C:\Program Files\Microsoft Visual Studio\2022\Community\\MSBuild\Current\Bin\amd64;C:\Windows\Microsoft.NET\Framework\v4.0.30319;C:\Program Files\Microsoft Visual Studio\2022\Community\Common7\IDE\;C:\Program Files\Microsoft Visual Studio\2022\Community\Common7\Tools\;C:\Users\hansi\Downloads\apache-maven-3.9.9-bin\apache-maven-3.9.9\bin;C:\windows\system32;C:\windows;C:\windows\System32\Wbem;C:\windows\System32\WindowsPowerShell\v1.0\;C:\windows\System32\OpenSSH\;C:\Program Files (x86)\NVIDIA Corporation\PhysX\Common;C:\Program Files\Git\cmd;C:\Program Files\nodejs\;C:\Program Files\dotnet\;C:\Program Files\Docker\Docker\resources\bin;C:\Program Files\Microsoft SQL Server\150\Tools\Binn\;C:\Program Files\Microsoft SQL Server\Client SDK\ODBC\170\Tools\Binn\;C:\Program Files (x86)\Windows Kits\10\Windows Performance Toolkit\;C:\Users\hansi\Downloads\maven-mvnd-1.0.2-windows-amd64\maven-mvnd-1.0.2-windows-amd64\bin;C:\Program Files\Java\jdk-20\bin;C:\Users\hansi\AppData\Local\Microsoft\WindowsApps;C:\Microsoft VS Code\bin;C:\Users\hansi\AppData\Roaming\npm;C:\Users\hansi\AppData\Local\GitHubDesktop\bin;C:\Users\hansi\.dotnet\tools;C:\Program Files\Microsoft Visual Studio\2022\Community\Common7\IDE\CommonExtensions\Microsoft\CMake\CMake\bin;C:\Program Files\Microsoft Visual Studio\2022\Community\Common7\IDE\CommonExtensions\Microsoft\CMake\Ninja;C:\Program Files\Microsoft Visual Studio\2022\Community\Common7\IDE\VC\Linux\bin\ConnectionManagerExe;C:\Program Files\Microsoft Visual Studio\2022\Community\VC\vcpkg;."/>
    <property name="java.vm.info" value="mixed mode, sharing"/>
    <property name="stderr.encoding" value="Cp1252"/>
    <property name="java.vendor" value="Oracle Corporation"/>
    <property name="java.vm.version" value="20.0.2+9-78"/>
    <property name="sun.io.unicode.encoding" value="UnicodeLittle"/>
    <property name="java.class.version" value="64.0"/>
  </properties>
  <testcase name="test" classname="no.hvl.dat110.unit.tests.TestRemote" time="0.011">
    <system-out><![CDATA[Primary = process2
2025-04-14 02:09:51 INFO  UpdateOperations:90 - Trying to update file replicas for peer: 210821560651360572675896360671414673172
2025-04-14 02:09:51 INFO  UpdateOperations:69 - Update file is being performed by this peer: process4 | 149037318589456997023767356092491379363
2025-04-14 02:09:51 INFO  UpdateOperations:69 - Update file is being performed by this peer: process4 | 179241403734895214076219526399432130488
2025-04-14 02:09:51 INFO  UpdateOperations:102 - Finished updating file for peer: 210821560651360572675896360671414673172
2025-04-14 02:09:51 INFO  UpdateOperations:90 - Trying to update file replicas for peer: 15618062003214643351512781541041391612
2025-04-14 02:09:51 INFO  UpdateOperations:69 - Update file is being performed by this peer: process2 | 8256520967608282605234844990226290265
2025-04-14 02:09:51 INFO  UpdateOperations:102 - Finished updating file for peer: 15618062003214643351512781541041391612
2025-04-14 02:09:51 INFO  UpdateOperations:90 - Trying to update file replicas for peer: 121411138451101288395601026024677976156
2025-04-14 02:09:51 INFO  UpdateOperations:69 - Update file is being performed by this peer: process5 | 83550242532527638904138483233262313637
2025-04-14 02:09:51 INFO  UpdateOperations:102 - Finished updating file for peer: 121411138451101288395601026024677976156
]]></system-out>
  </testcase>
</testsuite>